[0m02:55:13.210474 [debug] [MainThread]: Sending event: {'category': 'dbt', 'action': 'invocation', 'label': 'start', 'context': [<snowplow_tracker.self_describing_json.SelfDescribingJson object at 0x000001E6A313E270>, <snowplow_tracker.self_describing_json.SelfDescribingJson object at 0x000001E69EDC91D0>, <snowplow_tracker.self_describing_json.SelfDescribingJson object at 0x000001E6A41DBC50>]}


============================== 02:55:13.332796 | cad18fff-5ae4-49ae-adb0-4ccd9cb9749f ==============================
[0m02:55:13.332796 [info ] [MainThread]: Running with dbt=1.11.11
[0m02:55:13.334121 [debug] [MainThread]: running dbt with arguments {'version_check': 'True', 'no_print': 'None', 'static_parser': 'True', 'target_path': 'None', 'warn_error_options': 'WarnErrorOptionsV2(error=[], warn=[], silence=[])', 'printer_width': '80', 'write_json': 'True', 'introspect': 'True', 'log_cache_events': 'False', 'empty': 'None', 'cache_selected_only': 'False', 'log_format': 'default', 'debug': 'False', 'fail_fast': 'False', 'partial_parse': 'True', 'send_anonymous_usage_stats': 'True', 'quiet': 'False', 'warn_error': 'None', 'profiles_dir': 'C:\\Users\\aigbo\\.dbt', 'invocation_command': 'dbt init dbt_project', 'use_colors': 'True', 'indirect_selection': 'eager', 'use_experimental_parser': 'False', 'log_path': 'logs'}
[0m02:55:13.883868 [info ] [MainThread]: Creating dbt configuration folder at C:\Users\aigbo\.dbt
[0m02:55:13.889539 [debug] [MainThread]: Starter project path: C:\Users\aigbo\Desktop\EHIJELE\ODS\swiftroute_ods\.venv\Lib\site-packages\dbt\include\starter_project
[0m02:55:13.923913 [info ] [MainThread]: 
Your new dbt project "dbt_project" was created!

For more information on how to configure the profiles.yml file,
please consult the dbt documentation here:

  https://docs.getdbt.com/docs/configure-your-profile

One more thing:

Need help? Don't hesitate to reach out to us via GitHub issues or on Slack:

  https://community.getdbt.com/

Happy modeling!

[0m02:55:13.924779 [info ] [MainThread]: Setting up your profile.
[0m03:09:46.666455 [info ] [MainThread]: Profile dbt_project written to C:\Users\aigbo\.dbt\profiles.yml using target's profile_template.yml and your supplied values. Run 'dbt debug' to validate the connection.
[0m03:09:46.670609 [debug] [MainThread]: Command `dbt init` succeeded at 03:09:46.670134 after 873.76 seconds
[0m03:09:46.671751 [debug] [MainThread]: Sending event: {'category': 'dbt', 'action': 'invocation', 'label': 'end', 'context': [<snowplow_tracker.self_describing_json.SelfDescribingJson object at 0x000001E6A42AFE10>, <snowplow_tracker.self_describing_json.SelfDescribingJson object at 0x000001E6A43F8EF0>, <snowplow_tracker.self_describing_json.SelfDescribingJson object at 0x000001E6A4201040>]}
[0m03:09:46.672942 [debug] [MainThread]: Flushing usage events
[0m03:09:48.158178 [debug] [MainThread]: An error was encountered while trying to flush usage events
[0m11:36:24.505096 [debug] [MainThread]: Sending event: {'category': 'dbt', 'action': 'invocation', 'label': 'start', 'context': [<snowplow_tracker.self_describing_json.SelfDescribingJson object at 0x000001E72129A7B0>, <snowplow_tracker.self_describing_json.SelfDescribingJson object at 0x000001E71D8AB610>, <snowplow_tracker.self_describing_json.SelfDescribingJson object at 0x000001E7233B3C50>]}


============================== 11:36:24.512746 | a66451b7-7774-408d-b061-1e9409f94d0d ==============================
[0m11:36:24.512746 [info ] [MainThread]: Running with dbt=1.11.11
[0m11:36:24.513817 [debug] [MainThread]: running dbt with arguments {'static_parser': 'True', 'no_print': 'None', 'version_check': 'True', 'warn_error_options': 'WarnErrorOptionsV2(error=[], warn=[], silence=[])', 'target_path': 'None', 'printer_width': '80', 'write_json': 'True', 'introspect': 'True', 'log_cache_events': 'False', 'empty': 'False', 'cache_selected_only': 'False', 'fail_fast': 'False', 'debug': 'False', 'log_format': 'default', 'partial_parse': 'True', 'send_anonymous_usage_stats': 'True', 'quiet': 'False', 'warn_error': 'None', 'profiles_dir': 'C:\\Users\\aigbo\\.dbt', 'invocation_command': 'dbt compile', 'indirect_selection': 'eager', 'use_colors': 'True', 'use_experimental_parser': 'False', 'log_path': 'logs'}
[0m11:36:24.514768 [error] [MainThread]: Encountered an error:
Runtime Error
  No dbt_project.yml found at expected path C:\Users\aigbo\Desktop\EHIJELE\ODS\swiftroute_ods\dbt_project.yml
  Verify that each entry within packages.yml (and their transitive dependencies) contains a file named dbt_project.yml
  
[0m11:36:24.516464 [debug] [MainThread]: Command `dbt compile` failed at 11:36:24.516205 after 0.23 seconds
[0m11:36:24.517566 [debug] [MainThread]: Sending event: {'category': 'dbt', 'action': 'invocation', 'label': 'end', 'context': [<snowplow_tracker.self_describing_json.SelfDescribingJson object at 0x000001E7233B7820>, <snowplow_tracker.self_describing_json.SelfDescribingJson object at 0x000001E7233DED50>, <snowplow_tracker.self_describing_json.SelfDescribingJson object at 0x000001E7233C68B0>]}
[0m11:36:24.518512 [debug] [MainThread]: Flushing usage events
[0m11:36:26.249612 [debug] [MainThread]: An error was encountered while trying to flush usage events
[0m16:30:22.306142 [debug] [MainThread]: Sending event: {'category': 'dbt', 'action': 'invocation', 'label': 'start', 'context': [<snowplow_tracker.self_describing_json.SelfDescribingJson object at 0x000002349ADDA7B0>, <snowplow_tracker.self_describing_json.SelfDescribingJson object at 0x00000234973CB610>, <snowplow_tracker.self_describing_json.SelfDescribingJson object at 0x000002349BDFFB10>]}


============================== 16:30:22.396287 | f28c7833-24e7-446e-be9e-8f3a4b092eb4 ==============================
[0m16:30:22.396287 [info ] [MainThread]: Running with dbt=1.11.11
[0m16:30:22.399406 [debug] [MainThread]: running dbt with arguments {'static_parser': 'True', 'no_print': 'None', 'version_check': 'True', 'warn_error_options': 'WarnErrorOptionsV2(error=[], warn=[], silence=[])', 'target_path': 'None', 'printer_width': '80', 'write_json': 'True', 'introspect': 'True', 'log_cache_events': 'False', 'empty': 'None', 'cache_selected_only': 'False', 'log_format': 'default', 'debug': 'False', 'fail_fast': 'False', 'partial_parse': 'True', 'send_anonymous_usage_stats': 'True', 'quiet': 'False', 'warn_error': 'None', 'profiles_dir': 'C:\\Users\\aigbo\\.dbt', 'use_colors': 'True', 'indirect_selection': 'eager', 'invocation_command': 'dbt clean', 'use_experimental_parser': 'False', 'log_path': 'logs'}
[0m16:30:22.401180 [error] [MainThread]: Encountered an error:
Runtime Error
  No dbt_project.yml found at expected path C:\Users\aigbo\Desktop\EHIJELE\ODS\swiftroute_ods\dbt_project.yml
  Verify that each entry within packages.yml (and their transitive dependencies) contains a file named dbt_project.yml
  
[0m16:30:22.403723 [debug] [MainThread]: Command `dbt clean` failed at 16:30:22.403410 after 0.49 seconds
[0m16:30:22.404622 [debug] [MainThread]: Sending event: {'category': 'dbt', 'action': 'invocation', 'label': 'end', 'context': [<snowplow_tracker.self_describing_json.SelfDescribingJson object at 0x000002349BE069E0>, <snowplow_tracker.self_describing_json.SelfDescribingJson object at 0x000002349BCC30B0>, <snowplow_tracker.self_describing_json.SelfDescribingJson object at 0x000002349BE48C00>]}
[0m16:30:22.405686 [debug] [MainThread]: Flushing usage events
[0m16:30:24.615100 [debug] [MainThread]: An error was encountered while trying to flush usage events
